<?xml version="1.0" encoding="UTF-8"?>
<!-- Generated by org.testng.reporters.JUnitReportReporter -->
<testsuite hostname="SYNPUNEH58118D" name="MpPackage.GoogleSearch" tests="2" failures="0" timestamp="23 Aug 2017 10:46:45 GMT" time="21.225" errors="0">
  <testcase name="mehtod1" time="21.217" classname="MpPackage.GoogleSearch"/>
  <testcase name="method2" time="0.008" classname="MpPackage.GoogleSearch"/>
</testsuite> <!-- MpPackage.GoogleSearch -->
