<?xml version="1.0" encoding="UTF-8"?>
<!-- Generated by org.testng.reporters.JUnitReportReporter -->
<testsuite hostname="SYNPUNEH58118D" name="MpPackage.GoogleSearch" tests="2" failures="0" timestamp="24 Aug 2017 09:53:07 GMT" time="23.741" errors="0">
  <testcase name="mehtod1" time="23.741" classname="MpPackage.GoogleSearch"/>
  <testcase name="method2" time="0.000" classname="MpPackage.GoogleSearch"/>
</testsuite> <!-- MpPackage.GoogleSearch -->
