<?xml version="1.0" encoding="UTF-8"?>
<!-- Generated by org.testng.reporters.JUnitReportReporter -->
<testsuite hostname="SYNPUNEH58118D" name="MpPackage.GoogleSearch" tests="2" failures="0" timestamp="1 Sep 2017 10:51:42 GMT" time="18.037" errors="0">
  <testcase name="method2" time="0.001" classname="MpPackage.GoogleSearch"/>
  <testcase name="mehtod1" time="18.036" classname="MpPackage.GoogleSearch"/>
</testsuite> <!-- MpPackage.GoogleSearch -->
