<?xml version="1.0" encoding="UTF-8"?>
<!-- Generated by org.testng.reporters.JUnitReportReporter -->
<testsuite hostname="SYNPUNEH58118D" name="MpPackage.GoogleSearch" tests="2" failures="0" timestamp="31 Aug 2017 12:31:33 GMT" time="19.010" errors="0">
  <testcase name="mehtod1" time="19.010" classname="MpPackage.GoogleSearch"/>
  <testcase name="method2" time="0.000" classname="MpPackage.GoogleSearch"/>
</testsuite> <!-- MpPackage.GoogleSearch -->
