<?xml version="1.0" encoding="UTF-8"?>
<!-- Generated by org.testng.reporters.JUnitReportReporter -->
<testsuite hostname="SYNPUNEH58118D" name="MpPackage.GoogleSearch" tests="2" failures="0" timestamp="1 Sep 2017 11:05:38 GMT" time="30.500" errors="0">
  <testcase name="method2" time="0.000" classname="MpPackage.GoogleSearch"/>
  <testcase name="mehtod1" time="30.500" classname="MpPackage.GoogleSearch"/>
</testsuite> <!-- MpPackage.GoogleSearch -->
