<?xml version="1.0" encoding="UTF-8"?>
<!-- Generated by org.testng.reporters.JUnitReportReporter -->
<testsuite hostname="SYNPUNEH58118D" name="MpPackage.GoogleSearch" tests="2" failures="0" timestamp="31 Aug 2017 13:28:18 GMT" time="21.766" errors="0">
  <testcase name="mehtod1" time="21.750" classname="MpPackage.GoogleSearch"/>
  <testcase name="method2" time="0.016" classname="MpPackage.GoogleSearch"/>
</testsuite> <!-- MpPackage.GoogleSearch -->
