<?xml version="1.0" encoding="UTF-8"?>
<!-- Generated by org.testng.reporters.JUnitReportReporter -->
<testsuite hostname="SYNPUNEH58118D" name="MpPackage.GoogleSearch" tests="2" failures="0" timestamp="31 Aug 2017 13:21:33 GMT" time="19.322" errors="0">
  <testcase name="mehtod1" time="19.314" classname="MpPackage.GoogleSearch"/>
  <testcase name="method2" time="0.008" classname="MpPackage.GoogleSearch"/>
</testsuite> <!-- MpPackage.GoogleSearch -->
